#
# There is insufficient memory for the Java Runtime Environment to continue.
# Native memory allocation (malloc) failed to allocate 32744 bytes for ChunkPool::allocate
# Possible reasons:
#   The system is out of physical RAM or swap space
#   The process is running with CompressedOops enabled, and the Java Heap may be blocking the growth of the native heap
# Possible solutions:
#   Reduce memory load on the system
#   Increase physical memory or swap space
#   Check if swap backing store is full
#   Decrease Java heap size (-Xmx/-Xms)
#   Decrease number of Java threads
#   Decrease Java thread stack sizes (-Xss)
#   Set larger code cache with -XX:ReservedCodeCacheSize=
#   JVM is running with Zero Based Compressed Oops mode in which the Java heap is
#     placed in the first 32GB address space. The Java Heap base address is the
#     maximum limit for the native heap growth. Please use -XX:HeapBaseMinAddress
#     to set the Java Heap base and to place the Java Heap above 32GB virtual address.
# This output file may be truncated or incomplete.
#
#  Out of Memory Error (arena.cpp:78), pid=14048, tid=15512
#
# JRE version: OpenJDK Runtime Environment Temurin-17.0.2+8 (17.0.2+8) (build 17.0.2+8)
# Java VM: OpenJDK 64-Bit Server VM Temurin-17.0.2+8 (17.0.2+8, mixed mode, sharing, tiered, compressed oops, compressed class ptrs, g1 gc, windows-amd64)
# No core dump will be written. Minidumps are not enabled by default on client versions of Windows
#

---------------  S U M M A R Y ------------

Command Line: -agentlib:jdwp=transport=dt_socket,server=n,suspend=y,address=localhost:57052 -XX:+ShowCodeDetailsInExceptionMessages cosc202.andie.Andie

Host: 11th Gen Intel(R) Core(TM) i5-11600KF @ 3.90GHz, 12 cores, 15G,  Windows 10 , 64 bit Build 19041 (10.0.19041.1706)
Time: Tue May 17 21:53:31 2022 New Zealand Standard Time elapsed time: 29.813224 seconds (0d 0h 0m 29s)

---------------  T H R E A D  ---------------

Current thread (0x0000024c67fefd80):  JavaThread "C1 CompilerThread0" daemon [_thread_in_native, id=15512, stack(0x00000064cd000000,0x00000064cd100000)]


Current CompileTask:
C1:  29813 1783   !   3       java.awt.DefaultKeyboardFocusManager::dispatchEvent (1621 bytes)

Stack: [0x00000064cd000000,0x00000064cd100000]
Native frames: (J=compiled Java code, j=interpreted, Vv=VM code, C=native code)
V  [jvm.dll+0x67564a]
V  [jvm.dll+0x82fc04]
V  [jvm.dll+0x8313ae]
V  [jvm.dll+0x831a13]
V  [jvm.dll+0x245235]
V  [jvm.dll+0xabfc0]
V  [jvm.dll+0xac30c]
V  [jvm.dll+0x11c455]
V  [jvm.dll+0x180c76]
V  [jvm.dll+0x18e24e]
V  [jvm.dll+0x133d2d]
V  [jvm.dll+0x133f90]
V  [jvm.dll+0x134256]
V  [jvm.dll+0x1336ea]
V  [jvm.dll+0x1353b1]
V  [jvm.dll+0x226ef8]
V  [jvm.dll+0x22503c]
V  [jvm.dll+0x7e596b]
V  [jvm.dll+0x7dff2a]
V  [jvm.dll+0x6744d5]
C  [ucrtbase.dll+0x21bb2]
C  [KERNEL32.DLL+0x17034]
C  [ntdll.dll+0x52651]


---------------  P R O C E S S  ---------------

Threads class SMR info:
_java_thread_list=0x0000024c68dda9e0, length=19, elements={
0x0000024c67fc5910, 0x0000024c67fc60d0, 0x0000024c67fda3f0, 0x0000024c67fdc9d0,
0x0000024c67fdefa0, 0x0000024c67fe7570, 0x0000024c67fef370, 0x0000024c67fefd80,
0x0000024c67ff0380, 0x0000024c68d35fb0, 0x0000024c68d2e570, 0x0000024c68d2bef0,
0x0000024c68d2c890, 0x0000024c68d2c3c0, 0x0000024c68d2ea40, 0x0000024c68d2e0a0,
0x0000024c68d2f8b0, 0x0000024c68d2cd60, 0x0000024c68d2d230
}

Java Threads: ( => current thread )
  0x0000024c67fc5910 JavaThread "Reference Handler" daemon [_thread_blocked, id=2936, stack(0x00000064cc900000,0x00000064cca00000)]
  0x0000024c67fc60d0 JavaThread "Finalizer" daemon [_thread_blocked, id=16824, stack(0x00000064cca00000,0x00000064ccb00000)]
  0x0000024c67fda3f0 JavaThread "Signal Dispatcher" daemon [_thread_blocked, id=9332, stack(0x00000064ccb00000,0x00000064ccc00000)]
  0x0000024c67fdc9d0 JavaThread "Attach Listener" daemon [_thread_blocked, id=14456, stack(0x00000064ccc00000,0x00000064ccd00000)]
  0x0000024c67fdefa0 JavaThread "Service Thread" daemon [_thread_blocked, id=14172, stack(0x00000064ccd00000,0x00000064cce00000)]
  0x0000024c67fe7570 JavaThread "Monitor Deflation Thread" daemon [_thread_blocked, id=13168, stack(0x00000064cce00000,0x00000064ccf00000)]
  0x0000024c67fef370 JavaThread "C2 CompilerThread0" daemon [_thread_in_native, id=4996, stack(0x00000064ccf00000,0x00000064cd000000)]
=>0x0000024c67fefd80 JavaThread "C1 CompilerThread0" daemon [_thread_in_native, id=15512, stack(0x00000064cd000000,0x00000064cd100000)]
  0x0000024c67ff0380 JavaThread "Sweeper thread" daemon [_thread_blocked, id=12408, stack(0x00000064cd100000,0x00000064cd200000)]
  0x0000024c68d35fb0 JavaThread "JDWP Event Helper Thread" daemon [_thread_blocked, id=3728, stack(0x00000064cd300000,0x00000064cd400000)]
  0x0000024c68d2e570 JavaThread "Notification Thread" daemon [_thread_blocked, id=13028, stack(0x00000064cd500000,0x00000064cd600000)]
  0x0000024c68d2bef0 JavaThread "Common-Cleaner" daemon [_thread_blocked, id=17400, stack(0x00000064cd700000,0x00000064cd800000)]
  0x0000024c68d2c890 JavaThread "Java2D Disposer" daemon [_thread_blocked, id=8124, stack(0x00000064cd800000,0x00000064cd900000)]
  0x0000024c68d2c3c0 JavaThread "AWT-Shutdown" [_thread_blocked, id=12360, stack(0x00000064cd900000,0x00000064cda00000)]
  0x0000024c68d2ea40 JavaThread "AWT-Windows" daemon [_thread_in_native, id=14152, stack(0x00000064cda00000,0x00000064cdb00000)]
  0x0000024c68d2e0a0 JavaThread "AWT-EventQueue-0" [_thread_in_native, id=11724, stack(0x00000064cec00000,0x00000064ced00000)]
  0x0000024c68d2f8b0 JavaThread "DestroyJavaVM" [_thread_blocked, id=6244, stack(0x00000064cc200000,0x00000064cc300000)]
  0x0000024c68d2cd60 JavaThread "TimerQueue" daemon [_thread_blocked, id=15828, stack(0x00000064cee00000,0x00000064cef00000)]
  0x0000024c68d2d230 JavaThread "D3D Screen Updater" daemon [_thread_blocked, id=12812, stack(0x00000064cf900000,0x00000064cfa00000)]

Other Threads:
  0x0000024c67fc1250 VMThread "VM Thread" [stack: 0x00000064cc800000,0x00000064cc900000] [id=17064]
  0x0000024c44c83350 WatcherThread [stack: 0x00000064cd600000,0x00000064cd700000] [id=5844]
  0x0000024c44c5f5c0 GCTaskThread "GC Thread#0" [stack: 0x00000064cc300000,0x00000064cc400000] [id=14948]
  0x0000024c69b9b9b0 GCTaskThread "GC Thread#1" [stack: 0x00000064cf000000,0x00000064cf100000] [id=7672]
  0x0000024c69bfdd40 GCTaskThread "GC Thread#2" [stack: 0x00000064cf100000,0x00000064cf200000] [id=12940]
  0x0000024c69bfdff0 GCTaskThread "GC Thread#3" [stack: 0x00000064cf200000,0x00000064cf300000] [id=15352]
  0x0000024c6f03f9a0 GCTaskThread "GC Thread#4" [stack: 0x00000064cf300000,0x00000064cf400000] [id=10512]
  0x0000024c69cce800 GCTaskThread "GC Thread#5" [stack: 0x00000064cf400000,0x00000064cf500000] [id=4888]
  0x0000024c6f0372e0 GCTaskThread "GC Thread#6" [stack: 0x00000064cf500000,0x00000064cf600000] [id=4784]
  0x0000024c6f040060 GCTaskThread "GC Thread#7" [stack: 0x00000064cf600000,0x00000064cf700000] [id=12180]
  0x0000024c69c6e080 GCTaskThread "GC Thread#8" [stack: 0x00000064cf700000,0x00000064cf800000] [id=8060]
  0x0000024c69c6e330 GCTaskThread "GC Thread#9" [stack: 0x00000064cf800000,0x00000064cf900000] [id=8420]
  0x0000024c44c71350 ConcurrentGCThread "G1 Main Marker" [stack: 0x00000064cc400000,0x00000064cc500000] [id=8160]
  0x0000024c44c71d60 ConcurrentGCThread "G1 Conc#0" [stack: 0x00000064cc500000,0x00000064cc600000] [id=11576]
  0x0000024c44ceece0 ConcurrentGCThread "G1 Refine#0" [stack: 0x00000064cc600000,0x00000064cc700000] [id=3024]
  0x0000024c67e7a850 ConcurrentGCThread "G1 Service" [stack: 0x00000064cc700000,0x00000064cc800000] [id=5816]

Threads with active compile tasks:
C2 CompilerThread0    29832 1807       4       jdk.internal.logger.AbstractLoggerWrapper::isLoggable (26 bytes)
C1 CompilerThread0    29832 1783   !   3       java.awt.DefaultKeyboardFocusManager::dispatchEvent (1621 bytes)

VM state: not at safepoint (normal execution)

VM Mutex/Monitor currently owned by a thread: None

Heap address: 0x0000000701c00000, size: 4068 MB, Compressed Oops mode: Zero based, Oop shift amount: 3

CDS archive(s) mapped at: [0x0000000800000000-0x0000000800bc0000-0x0000000800bc0000), size 12320768, SharedBaseAddress: 0x0000000800000000, ArchiveRelocationMode: 0.
Compressed class space mapped at: 0x0000000800c00000-0x0000000840c00000, reserved size: 1073741824
Narrow klass base: 0x0000000800000000, Narrow klass shift: 0, Narrow klass range: 0x100000000

GC Precious Log:
 CPUs: 12 total, 12 available
 Memory: 16271M
 Large Page Support: Disabled
 NUMA Support: Disabled
 Compressed Oops: Enabled (Zero based)
 Heap Region Size: 2M
 Heap Min Capacity: 8M
 Heap Initial Capacity: 256M
 Heap Max Capacity: 4068M
 Pre-touch: Disabled
 Parallel Workers: 10
 Concurrent Workers: 3
 Concurrent Refinement Workers: 10
 Periodic GC: Disabled

Heap:
 garbage-first heap   total 262144K, used 110101K [0x0000000701c00000, 0x0000000800000000)
  region size 2048K, 38 young (77824K), 1 survivors (2048K)
 Metaspace       used 11814K, committed 12032K, reserved 1064960K
  class space    used 1398K, committed 1536K, reserved 1048576K

Heap Regions: E=young(eden), S=young(survivor), O=old, HS=humongous(starts), HC=humongous(continues), CS=collection set, F=free, OA=open archive, CA=closed archive, TAMS=top-at-mark-start (previous, next)
|   0|0x0000000701c00000, 0x0000000701e00000, 0x0000000701e00000|100%|HS|  |TAMS 0x0000000701c00000, 0x0000000701c00000| Complete 
|   1|0x0000000701e00000, 0x0000000702000000, 0x0000000702000000|100%|HS|  |TAMS 0x0000000701e00000, 0x0000000701e00000| Complete 
|   2|0x0000000702000000, 0x0000000702200000, 0x0000000702200000|100%|HS|  |TAMS 0x0000000702000000, 0x0000000702000000| Complete 
|   3|0x0000000702200000, 0x0000000702400000, 0x0000000702400000|100%|HS|  |TAMS 0x0000000702200000, 0x0000000702200000| Complete 
|   4|0x0000000702400000, 0x0000000702600000, 0x0000000702600000|100%|HS|  |TAMS 0x0000000702400000, 0x0000000702400000| Complete 
|   5|0x0000000702600000, 0x0000000702800000, 0x0000000702800000|100%|HS|  |TAMS 0x0000000702600000, 0x0000000702600000| Complete 
|   6|0x0000000702800000, 0x0000000702a00000, 0x0000000702a00000|100%| O|  |TAMS 0x0000000702800000, 0x0000000702800000| Untracked 
|   7|0x0000000702a00000, 0x0000000702b26a00, 0x0000000702c00000| 57%| O|  |TAMS 0x0000000702a00000, 0x0000000702a00000| Untracked 
|   8|0x0000000702c00000, 0x0000000702e00000, 0x0000000702e00000|100%|HS|  |TAMS 0x0000000702c00000, 0x0000000702c00000| Complete 
|   9|0x0000000702e00000, 0x0000000703000000, 0x0000000703000000|100%|HS|  |TAMS 0x0000000702e00000, 0x0000000702e00000| Complete 
|  10|0x0000000703000000, 0x0000000703200000, 0x0000000703200000|100%|HS|  |TAMS 0x0000000703000000, 0x0000000703000000| Complete 
|  11|0x0000000703200000, 0x0000000703400000, 0x0000000703400000|100%|HS|  |TAMS 0x0000000703200000, 0x0000000703200000| Complete 
|  12|0x0000000703400000, 0x0000000703600000, 0x0000000703600000|100%|HS|  |TAMS 0x0000000703400000, 0x0000000703400000| Complete 
|  13|0x0000000703600000, 0x0000000703800000, 0x0000000703800000|100%|HS|  |TAMS 0x0000000703600000, 0x0000000703600000| Complete 
|  14|0x0000000703800000, 0x0000000703a00000, 0x0000000703a00000|100%|HS|  |TAMS 0x0000000703800000, 0x0000000703800000| Complete 
|  15|0x0000000703a00000, 0x0000000703c00000, 0x0000000703c00000|100%|HS|  |TAMS 0x0000000703a00000, 0x0000000703a00000| Complete 
|  16|0x0000000703c00000, 0x0000000703e00000, 0x0000000703e00000|100%|HS|  |TAMS 0x0000000703c00000, 0x0000000703c00000| Complete 
|  17|0x0000000703e00000, 0x0000000704000000, 0x0000000704000000|100%|HS|  |TAMS 0x0000000703e00000, 0x0000000703e00000| Complete 
|  18|0x0000000704000000, 0x0000000704000000, 0x0000000704200000|  0%| F|  |TAMS 0x0000000704000000, 0x0000000704000000| Untracked 
|  19|0x0000000704200000, 0x0000000704200000, 0x0000000704400000|  0%| F|  |TAMS 0x0000000704200000, 0x0000000704200000| Untracked 
|  20|0x0000000704400000, 0x0000000704400000, 0x0000000704600000|  0%| F|  |TAMS 0x0000000704400000, 0x0000000704400000| Untracked 
|  21|0x0000000704600000, 0x0000000704600000, 0x0000000704800000|  0%| F|  |TAMS 0x0000000704600000, 0x0000000704600000| Untracked 
|  22|0x0000000704800000, 0x0000000704800000, 0x0000000704a00000|  0%| F|  |TAMS 0x0000000704800000, 0x0000000704800000| Untracked 
|  23|0x0000000704a00000, 0x0000000704a00000, 0x0000000704c00000|  0%| F|  |TAMS 0x0000000704a00000, 0x0000000704a00000| Untracked 
|  24|0x0000000704c00000, 0x0000000704c00000, 0x0000000704e00000|  0%| F|  |TAMS 0x0000000704c00000, 0x0000000704c00000| Untracked 
|  25|0x0000000704e00000, 0x0000000704e00000, 0x0000000705000000|  0%| F|  |TAMS 0x0000000704e00000, 0x0000000704e00000| Untracked 
|  26|0x0000000705000000, 0x0000000705000000, 0x0000000705200000|  0%| F|  |TAMS 0x0000000705000000, 0x0000000705000000| Untracked 
|  27|0x0000000705200000, 0x0000000705200000, 0x0000000705400000|  0%| F|  |TAMS 0x0000000705200000, 0x0000000705200000| Untracked 
|  28|0x0000000705400000, 0x0000000705400000, 0x0000000705600000|  0%| F|  |TAMS 0x0000000705400000, 0x0000000705400000| Untracked 
|  29|0x0000000705600000, 0x0000000705600000, 0x0000000705800000|  0%| F|  |TAMS 0x0000000705600000, 0x0000000705600000| Untracked 
|  30|0x0000000705800000, 0x0000000705800000, 0x0000000705a00000|  0%| F|  |TAMS 0x0000000705800000, 0x0000000705800000| Untracked 
|  31|0x0000000705a00000, 0x0000000705a00000, 0x0000000705c00000|  0%| F|  |TAMS 0x0000000705a00000, 0x0000000705a00000| Untracked 
|  32|0x0000000705c00000, 0x0000000705c00000, 0x0000000705e00000|  0%| F|  |TAMS 0x0000000705c00000, 0x0000000705c00000| Untracked 
|  33|0x0000000705e00000, 0x0000000705e00000, 0x0000000706000000|  0%| F|  |TAMS 0x0000000705e00000, 0x0000000705e00000| Untracked 
|  34|0x0000000706000000, 0x0000000706000000, 0x0000000706200000|  0%| F|  |TAMS 0x0000000706000000, 0x0000000706000000| Untracked 
|  35|0x0000000706200000, 0x0000000706200000, 0x0000000706400000|  0%| F|  |TAMS 0x0000000706200000, 0x0000000706200000| Untracked 
|  36|0x0000000706400000, 0x0000000706400000, 0x0000000706600000|  0%| F|  |TAMS 0x0000000706400000, 0x0000000706400000| Untracked 
|  37|0x0000000706600000, 0x0000000706600000, 0x0000000706800000|  0%| F|  |TAMS 0x0000000706600000, 0x0000000706600000| Untracked 
|  38|0x0000000706800000, 0x0000000706800000, 0x0000000706a00000|  0%| F|  |TAMS 0x0000000706800000, 0x0000000706800000| Untracked 
|  39|0x0000000706a00000, 0x0000000706a00000, 0x0000000706c00000|  0%| F|  |TAMS 0x0000000706a00000, 0x0000000706a00000| Untracked 
|  40|0x0000000706c00000, 0x0000000706c00000, 0x0000000706e00000|  0%| F|  |TAMS 0x0000000706c00000, 0x0000000706c00000| Untracked 
|  41|0x0000000706e00000, 0x0000000706e00000, 0x0000000707000000|  0%| F|  |TAMS 0x0000000706e00000, 0x0000000706e00000| Untracked 
|  42|0x0000000707000000, 0x0000000707000000, 0x0000000707200000|  0%| F|  |TAMS 0x0000000707000000, 0x0000000707000000| Untracked 
|  43|0x0000000707200000, 0x0000000707200000, 0x0000000707400000|  0%| F|  |TAMS 0x0000000707200000, 0x0000000707200000| Untracked 
|  44|0x0000000707400000, 0x0000000707400000, 0x0000000707600000|  0%| F|  |TAMS 0x0000000707400000, 0x0000000707400000| Untracked 
|  45|0x0000000707600000, 0x0000000707600000, 0x0000000707800000|  0%| F|  |TAMS 0x0000000707600000, 0x0000000707600000| Untracked 
|  46|0x0000000707800000, 0x0000000707800000, 0x0000000707a00000|  0%| F|  |TAMS 0x0000000707800000, 0x0000000707800000| Untracked 
|  47|0x0000000707a00000, 0x0000000707a00000, 0x0000000707c00000|  0%| F|  |TAMS 0x0000000707a00000, 0x0000000707a00000| Untracked 
|  48|0x0000000707c00000, 0x0000000707c00000, 0x0000000707e00000|  0%| F|  |TAMS 0x0000000707c00000, 0x0000000707c00000| Untracked 
|  49|0x0000000707e00000, 0x0000000707e00000, 0x0000000708000000|  0%| F|  |TAMS 0x0000000707e00000, 0x0000000707e00000| Untracked 
|  50|0x0000000708000000, 0x0000000708000000, 0x0000000708200000|  0%| F|  |TAMS 0x0000000708000000, 0x0000000708000000| Untracked 
|  51|0x0000000708200000, 0x0000000708200000, 0x0000000708400000|  0%| F|  |TAMS 0x0000000708200000, 0x0000000708200000| Untracked 
|  52|0x0000000708400000, 0x0000000708400000, 0x0000000708600000|  0%| F|  |TAMS 0x0000000708400000, 0x0000000708400000| Untracked 
|  53|0x0000000708600000, 0x0000000708600000, 0x0000000708800000|  0%| F|  |TAMS 0x0000000708600000, 0x0000000708600000| Untracked 
|  54|0x0000000708800000, 0x0000000708800000, 0x0000000708a00000|  0%| F|  |TAMS 0x0000000708800000, 0x0000000708800000| Untracked 
|  55|0x0000000708a00000, 0x0000000708a00000, 0x0000000708c00000|  0%| F|  |TAMS 0x0000000708a00000, 0x0000000708a00000| Untracked 
|  56|0x0000000708c00000, 0x0000000708c00000, 0x0000000708e00000|  0%| F|  |TAMS 0x0000000708c00000, 0x0000000708c00000| Untracked 
|  57|0x0000000708e00000, 0x0000000708e00000, 0x0000000709000000|  0%| F|  |TAMS 0x0000000708e00000, 0x0000000708e00000| Untracked 
|  58|0x0000000709000000, 0x0000000709000000, 0x0000000709200000|  0%| F|  |TAMS 0x0000000709000000, 0x0000000709000000| Untracked 
|  59|0x0000000709200000, 0x0000000709200000, 0x0000000709400000|  0%| F|  |TAMS 0x0000000709200000, 0x0000000709200000| Untracked 
|  60|0x0000000709400000, 0x0000000709400000, 0x0000000709600000|  0%| F|  |TAMS 0x0000000709400000, 0x0000000709400000| Untracked 
|  61|0x0000000709600000, 0x0000000709600000, 0x0000000709800000|  0%| F|  |TAMS 0x0000000709600000, 0x0000000709600000| Untracked 
|  62|0x0000000709800000, 0x0000000709800000, 0x0000000709a00000|  0%| F|  |TAMS 0x0000000709800000, 0x0000000709800000| Untracked 
|  63|0x0000000709a00000, 0x0000000709a00000, 0x0000000709c00000|  0%| F|  |TAMS 0x0000000709a00000, 0x0000000709a00000| Untracked 
|  64|0x0000000709c00000, 0x0000000709c00000, 0x0000000709e00000|  0%| F|  |TAMS 0x0000000709c00000, 0x0000000709c00000| Untracked 
|  65|0x0000000709e00000, 0x0000000709e00000, 0x000000070a000000|  0%| F|  |TAMS 0x0000000709e00000, 0x0000000709e00000| Untracked 
|  66|0x000000070a000000, 0x000000070a000000, 0x000000070a200000|  0%| F|  |TAMS 0x000000070a000000, 0x000000070a000000| Untracked 
|  67|0x000000070a200000, 0x000000070a200000, 0x000000070a400000|  0%| F|  |TAMS 0x000000070a200000, 0x000000070a200000| Untracked 
|  68|0x000000070a400000, 0x000000070a400000, 0x000000070a600000|  0%| F|  |TAMS 0x000000070a400000, 0x000000070a400000| Untracked 
|  69|0x000000070a600000, 0x000000070a600000, 0x000000070a800000|  0%| F|  |TAMS 0x000000070a600000, 0x000000070a600000| Untracked 
|  70|0x000000070a800000, 0x000000070a800000, 0x000000070aa00000|  0%| F|  |TAMS 0x000000070a800000, 0x000000070a800000| Untracked 
|  71|0x000000070aa00000, 0x000000070aa00000, 0x000000070ac00000|  0%| F|  |TAMS 0x000000070aa00000, 0x000000070aa00000| Untracked 
|  72|0x000000070ac00000, 0x000000070ac00000, 0x000000070ae00000|  0%| F|  |TAMS 0x000000070ac00000, 0x000000070ac00000| Untracked 
|  73|0x000000070ae00000, 0x000000070ae00000, 0x000000070b000000|  0%| F|  |TAMS 0x000000070ae00000, 0x000000070ae00000| Untracked 
|  74|0x000000070b000000, 0x000000070b000000, 0x000000070b200000|  0%| F|  |TAMS 0x000000070b000000, 0x000000070b000000| Untracked 
|  75|0x000000070b200000, 0x000000070b200000, 0x000000070b400000|  0%| F|  |TAMS 0x000000070b200000, 0x000000070b200000| Untracked 
|  76|0x000000070b400000, 0x000000070b400000, 0x000000070b600000|  0%| F|  |TAMS 0x000000070b400000, 0x000000070b400000| Untracked 
|  77|0x000000070b600000, 0x000000070b600000, 0x000000070b800000|  0%| F|  |TAMS 0x000000070b600000, 0x000000070b600000| Untracked 
|  78|0x000000070b800000, 0x000000070b800000, 0x000000070ba00000|  0%| F|  |TAMS 0x000000070b800000, 0x000000070b800000| Untracked 
|  79|0x000000070ba00000, 0x000000070ba00000, 0x000000070bc00000|  0%| F|  |TAMS 0x000000070ba00000, 0x000000070ba00000| Untracked 
|  80|0x000000070bc00000, 0x000000070bc00000, 0x000000070be00000|  0%| F|  |TAMS 0x000000070bc00000, 0x000000070bc00000| Untracked 
|  81|0x000000070be00000, 0x000000070be00000, 0x000000070c000000|  0%| F|  |TAMS 0x000000070be00000, 0x000000070be00000| Untracked 
|  82|0x000000070c000000, 0x000000070c000000, 0x000000070c200000|  0%| F|  |TAMS 0x000000070c000000, 0x000000070c000000| Untracked 
|  83|0x000000070c200000, 0x000000070c200000, 0x000000070c400000|  0%| F|  |TAMS 0x000000070c200000, 0x000000070c200000| Untracked 
|  84|0x000000070c400000, 0x000000070c400000, 0x000000070c600000|  0%| F|  |TAMS 0x000000070c400000, 0x000000070c400000| Untracked 
|  85|0x000000070c600000, 0x000000070c600000, 0x000000070c800000|  0%| F|  |TAMS 0x000000070c600000, 0x000000070c600000| Untracked 
|  86|0x000000070c800000, 0x000000070c800000, 0x000000070ca00000|  0%| F|  |TAMS 0x000000070c800000, 0x000000070c800000| Untracked 
|  87|0x000000070ca00000, 0x000000070ca00000, 0x000000070cc00000|  0%| F|  |TAMS 0x000000070ca00000, 0x000000070ca00000| Untracked 
|  88|0x000000070cc00000, 0x000000070cc00000, 0x000000070ce00000|  0%| F|  |TAMS 0x000000070cc00000, 0x000000070cc00000| Untracked 
|  89|0x000000070ce00000, 0x000000070ce00000, 0x000000070d000000|  0%| F|  |TAMS 0x000000070ce00000, 0x000000070ce00000| Untracked 
|  90|0x000000070d000000, 0x000000070d000800, 0x000000070d200000|  0%| E|  |TAMS 0x000000070d000000, 0x000000070d000000| Complete 
|  91|0x000000070d200000, 0x000000070d400000, 0x000000070d400000|100%| E|CS|TAMS 0x000000070d200000, 0x000000070d200000| Complete 
|  92|0x000000070d400000, 0x000000070d600000, 0x000000070d600000|100%| E|CS|TAMS 0x000000070d400000, 0x000000070d400000| Complete 
|  93|0x000000070d600000, 0x000000070d800000, 0x000000070d800000|100%| E|CS|TAMS 0x000000070d600000, 0x000000070d600000| Complete 
|  94|0x000000070d800000, 0x000000070da00000, 0x000000070da00000|100%| E|CS|TAMS 0x000000070d800000, 0x000000070d800000| Complete 
|  95|0x000000070da00000, 0x000000070dc00000, 0x000000070dc00000|100%| E|CS|TAMS 0x000000070da00000, 0x000000070da00000| Complete 
|  96|0x000000070dc00000, 0x000000070de00000, 0x000000070de00000|100%| E|CS|TAMS 0x000000070dc00000, 0x000000070dc00000| Complete 
|  97|0x000000070de00000, 0x000000070e000000, 0x000000070e000000|100%| E|CS|TAMS 0x000000070de00000, 0x000000070de00000| Complete 
|  98|0x000000070e000000, 0x000000070e200000, 0x000000070e200000|100%| E|CS|TAMS 0x000000070e000000, 0x000000070e000000| Complete 
|  99|0x000000070e200000, 0x000000070e400000, 0x000000070e400000|100%| E|CS|TAMS 0x000000070e200000, 0x000000070e200000| Complete 
| 100|0x000000070e400000, 0x000000070e600000, 0x000000070e600000|100%| E|CS|TAMS 0x000000070e400000, 0x000000070e400000| Complete 
| 101|0x000000070e600000, 0x000000070e800000, 0x000000070e800000|100%| E|CS|TAMS 0x000000070e600000, 0x000000070e600000| Complete 
| 102|0x000000070e800000, 0x000000070ea00000, 0x000000070ea00000|100%| E|CS|TAMS 0x000000070e800000, 0x000000070e800000| Complete 
| 103|0x000000070ea00000, 0x000000070ec00000, 0x000000070ec00000|100%| E|CS|TAMS 0x000000070ea00000, 0x000000070ea00000| Complete 
| 104|0x000000070ec00000, 0x000000070ee00000, 0x000000070ee00000|100%| E|CS|TAMS 0x000000070ec00000, 0x000000070ec00000| Complete 
| 105|0x000000070ee00000, 0x000000070f000000, 0x000000070f000000|100%| E|CS|TAMS 0x000000070ee00000, 0x000000070ee00000| Complete 
| 106|0x000000070f000000, 0x000000070f200000, 0x000000070f200000|100%| E|CS|TAMS 0x000000070f000000, 0x000000070f000000| Complete 
| 107|0x000000070f200000, 0x000000070f400000, 0x000000070f400000|100%| E|CS|TAMS 0x000000070f200000, 0x000000070f200000| Complete 
| 108|0x000000070f400000, 0x000000070f600000, 0x000000070f600000|100%| E|CS|TAMS 0x000000070f400000, 0x000000070f400000| Complete 
| 109|0x000000070f600000, 0x000000070f800000, 0x000000070f800000|100%| E|CS|TAMS 0x000000070f600000, 0x000000070f600000| Complete 
| 110|0x000000070f800000, 0x000000070f85ec60, 0x000000070fa00000| 18%| S|CS|TAMS 0x000000070f800000, 0x000000070f800000| Complete 
| 111|0x000000070fa00000, 0x000000070fc00000, 0x000000070fc00000|100%| E|CS|TAMS 0x000000070fa00000, 0x000000070fa00000| Complete 
| 112|0x000000070fc00000, 0x000000070fe00000, 0x000000070fe00000|100%| E|CS|TAMS 0x000000070fc00000, 0x000000070fc00000| Complete 
| 113|0x000000070fe00000, 0x0000000710000000, 0x0000000710000000|100%| E|CS|TAMS 0x000000070fe00000, 0x000000070fe00000| Complete 
| 114|0x0000000710000000, 0x0000000710200000, 0x0000000710200000|100%| E|CS|TAMS 0x0000000710000000, 0x0000000710000000| Complete 
| 115|0x0000000710200000, 0x0000000710400000, 0x0000000710400000|100%| E|CS|TAMS 0x0000000710200000, 0x0000000710200000| Complete 
| 116|0x0000000710400000, 0x0000000710600000, 0x0000000710600000|100%| E|CS|TAMS 0x0000000710400000, 0x0000000710400000| Complete 
| 117|0x0000000710600000, 0x0000000710800000, 0x0000000710800000|100%| E|CS|TAMS 0x0000000710600000, 0x0000000710600000| Complete 
| 118|0x0000000710800000, 0x0000000710a00000, 0x0000000710a00000|100%| E|CS|TAMS 0x0000000710800000, 0x0000000710800000| Complete 
| 119|0x0000000710a00000, 0x0000000710c00000, 0x0000000710c00000|100%| E|CS|TAMS 0x0000000710a00000, 0x0000000710a00000| Complete 
| 120|0x0000000710c00000, 0x0000000710e00000, 0x0000000710e00000|100%| E|CS|TAMS 0x0000000710c00000, 0x0000000710c00000| Complete 
| 121|0x0000000710e00000, 0x0000000711000000, 0x0000000711000000|100%| E|CS|TAMS 0x0000000710e00000, 0x0000000710e00000| Complete 
| 122|0x0000000711000000, 0x0000000711200000, 0x0000000711200000|100%| E|CS|TAMS 0x0000000711000000, 0x0000000711000000| Complete 
| 123|0x0000000711200000, 0x0000000711400000, 0x0000000711400000|100%| E|CS|TAMS 0x0000000711200000, 0x0000000711200000| Complete 
| 124|0x0000000711400000, 0x0000000711600000, 0x0000000711600000|100%| E|CS|TAMS 0x0000000711400000, 0x0000000711400000| Complete 
| 125|0x0000000711600000, 0x0000000711800000, 0x0000000711800000|100%| E|CS|TAMS 0x0000000711600000, 0x0000000711600000| Complete 
| 126|0x0000000711800000, 0x0000000711a00000, 0x0000000711a00000|100%| E|CS|TAMS 0x0000000711800000, 0x0000000711800000| Complete 
| 127|0x0000000711a00000, 0x0000000711c00000, 0x0000000711c00000|100%| E|CS|TAMS 0x0000000711a00000, 0x0000000711a00000| Complete 

Card table byte_map: [0x0000024c5c430000,0x0000024c5cc30000] _byte_map_base: 0x0000024c58c22000

Marking Bits (Prev, Next): (CMBitMap*) 0x0000024c44c60be0, (CMBitMap*) 0x0000024c44c60c20
 Prev Bits: [0x0000024c5d430000, 0x0000024c613c0000)
 Next Bits: [0x0000024c613c0000, 0x0000024c65350000)

Polling page: 0x0000024c42ba0000

Metaspace:

Usage:
  Non-class:     10.17 MB used.
      Class:      1.37 MB used.
       Both:     11.54 MB used.

Virtual space:
  Non-class space:       16.00 MB reserved,      10.25 MB ( 64%) committed,  2 nodes.
      Class space:        1.00 GB reserved,       1.50 MB ( <1%) committed,  1 nodes.
             Both:        1.02 GB reserved,      11.75 MB (  1%) committed. 

Chunk freelists:
   Non-Class:  1.00 MB
       Class:  2.54 MB
        Both:  3.54 MB

MaxMetaspaceSize: unlimited
CompressedClassSpaceSize: 1.00 GB
Initial GC threshold: 21.00 MB
Current GC threshold: 21.00 MB
CDS: on
MetaspaceReclaimPolicy: balanced
 - commit_granule_bytes: 65536.
 - commit_granule_words: 8192.
 - virtual_space_node_default_size: 1048576.
 - enlarge_chunks_in_place: 1.
 - new_chunks_are_fully_committed: 0.
 - uncommit_free_chunks: 1.
 - use_allocation_guard: 0.
 - handle_deallocations: 1.


Internal statistics:

num_allocs_failed_limit: 0.
num_arena_births: 126.
num_arena_deaths: 0.
num_vsnodes_births: 3.
num_vsnodes_deaths: 0.
num_space_committed: 188.
num_space_uncommitted: 0.
num_chunks_returned_to_freelist: 0.
num_chunks_taken_from_freelist: 191.
num_chunk_merges: 0.
num_chunk_splits: 105.
num_chunks_enlarged: 50.
num_purges: 0.
num_inconsistent_stats: 0.

CodeHeap 'non-profiled nmethods': size=120000Kb used=682Kb max_used=682Kb free=119317Kb
 bounds [0x0000024c541b0000, 0x0000024c54420000, 0x0000024c5b6e0000]
CodeHeap 'profiled nmethods': size=120000Kb used=3188Kb max_used=3188Kb free=116811Kb
 bounds [0x0000024c4cc80000, 0x0000024c4cfa0000, 0x0000024c541b0000]
CodeHeap 'non-nmethods': size=5760Kb used=1388Kb max_used=1406Kb free=4371Kb
 bounds [0x0000024c4c6e0000, 0x0000024c4c950000, 0x0000024c4cc80000]
 total_blobs=2434 nmethods=1791 adapters=556
 compilation: enabled
              stopped_count=0, restarted_count=0
 full_count=0

Compilation events (20 events):
Event: 5.287 Thread 0x0000024c67fefd80 nmethod 1777 0x0000024c54256110 code [0x0000024c542562a0, 0x0000024c54256378]
Event: 5.347 Thread 0x0000024c67fefd80 1779       3       java.lang.StringBuilder::length (5 bytes)
Event: 5.348 Thread 0x0000024c67fefd80 nmethod 1779 0x0000024c4cf9c590 code [0x0000024c4cf9c720, 0x0000024c4cf9c838]
Event: 5.348 Thread 0x0000024c67fefd80 1780       3       sun.java2d.SunGraphics2D::validateColor (102 bytes)
Event: 5.348 Thread 0x0000024c67fefd80 nmethod 1780 0x0000024c4cf9c910 code [0x0000024c4cf9cae0, 0x0000024c4cf9d018]
Event: 5.348 Thread 0x0000024c67fefd80 1781       1       sun.font.GlyphList::usePositions (5 bytes)
Event: 5.348 Thread 0x0000024c67fefd80 nmethod 1781 0x0000024c54256810 code [0x0000024c542569a0, 0x0000024c54256a78]
Event: 5.348 Thread 0x0000024c67fefd80 1782       1       sun.java2d.pipe.Region::getHiY (5 bytes)
Event: 5.348 Thread 0x0000024c67fefd80 nmethod 1782 0x0000024c54256b10 code [0x0000024c54256ca0, 0x0000024c54256d78]
Event: 5.403 Thread 0x0000024c67fefd80 1783   !   3       java.awt.DefaultKeyboardFocusManager::dispatchEvent (1621 bytes)
Event: 5.501 Thread 0x0000024c67fef370 1784       4       java.security.AccessControlContext::optimize (319 bytes)
Event: 5.503 Thread 0x0000024c67fef370 nmethod 1784 0x0000024c54256e10 code [0x0000024c54256fa0, 0x0000024c542572c8]
Event: 5.543 Thread 0x0000024c67fef370 1785       4       sun.awt.AWTAutoShutdown::isReadyToShutdown (37 bytes)
Event: 5.543 Thread 0x0000024c67fef370 nmethod 1785 0x0000024c54257690 code [0x0000024c54257820, 0x0000024c542578f8]
Event: 6.206 Thread 0x0000024c67fef370 1795       4       jdk.internal.misc.Unsafe::putReferenceOpaque (9 bytes)
Event: 6.207 Thread 0x0000024c67fef370 nmethod 1795 0x0000024c54257e10 code [0x0000024c54257f80, 0x0000024c542580b8]
Event: 19.929 Thread 0x0000024c67fef370 1796   !   4       sun.awt.AWTAutoShutdown::setToolkitBusy (124 bytes)
Event: 19.932 Thread 0x0000024c67fef370 nmethod 1796 0x0000024c54258110 code [0x0000024c542582a0, 0x0000024c542587d8]
Event: 21.450 Thread 0x0000024c67fef370 1797       4       java.security.AccessController::getContext (23 bytes)
Event: 21.452 Thread 0x0000024c67fef370 nmethod 1797 0x0000024c54258b10 code [0x0000024c54258cc0, 0x0000024c54259058]

GC Heap History (4 events):
Event: 0.740 GC heap before
{Heap before GC invocations=0 (full 0):
 garbage-first heap   total 262144K, used 26624K [0x0000000701c00000, 0x0000000800000000)
  region size 2048K, 11 young (22528K), 0 survivors (0K)
 Metaspace       used 9736K, committed 9984K, reserved 1064960K
  class space    used 1144K, committed 1280K, reserved 1048576K
}
Event: 0.743 GC heap after
{Heap after GC invocations=1 (full 0):
 garbage-first heap   total 262144K, used 7477K [0x0000000701c00000, 0x0000000800000000)
  region size 2048K, 2 young (4096K), 2 survivors (4096K)
 Metaspace       used 9736K, committed 9984K, reserved 1064960K
  class space    used 1144K, committed 1280K, reserved 1048576K
}
Event: 0.795 GC heap before
{Heap before GC invocations=1 (full 0):
 garbage-first heap   total 262144K, used 46389K [0x0000000701c00000, 0x0000000800000000)
  region size 2048K, 17 young (34816K), 2 survivors (4096K)
 Metaspace       used 9747K, committed 9984K, reserved 1064960K
  class space    used 1144K, committed 1280K, reserved 1048576K
}
Event: 0.798 GC heap after
{Heap after GC invocations=2 (full 0):
 garbage-first heap   total 262144K, used 15893K [0x0000000701c00000, 0x0000000800000000)
  region size 2048K, 1 young (2048K), 1 survivors (2048K)
 Metaspace       used 9747K, committed 9984K, reserved 1064960K
  class space    used 1144K, committed 1280K, reserved 1048576K
}

Deoptimization events (20 events):
Event: 5.000 Thread 0x0000024c68d2e0a0 Uncommon trap: trap_request=0xffffffde fr.pc=0x0000024c541cde2c relative=0x00000000000001ac
Event: 5.000 Thread 0x0000024c68d2e0a0 Uncommon trap: reason=class_check action=maybe_recompile pc=0x0000024c541cde2c method=java.lang.String.equals(Ljava/lang/Object;)Z @ 8 c2
Event: 5.000 Thread 0x0000024c68d2e0a0 DEOPT PACKING pc=0x0000024c541cde2c sp=0x00000064cecfdbb0
Event: 5.000 Thread 0x0000024c68d2e0a0 DEOPT UNPACKING pc=0x0000024c4c735c23 sp=0x00000064cecfdb48 mode 2
Event: 5.000 Thread 0x0000024c68d2e0a0 Uncommon trap: trap_request=0xffffffde fr.pc=0x0000024c541cde2c relative=0x00000000000001ac
Event: 5.000 Thread 0x0000024c68d2e0a0 Uncommon trap: reason=class_check action=maybe_recompile pc=0x0000024c541cde2c method=java.lang.String.equals(Ljava/lang/Object;)Z @ 8 c2
Event: 5.000 Thread 0x0000024c68d2e0a0 DEOPT PACKING pc=0x0000024c541cde2c sp=0x00000064cecfdbb0
Event: 5.000 Thread 0x0000024c68d2e0a0 DEOPT UNPACKING pc=0x0000024c4c735c23 sp=0x00000064cecfdb48 mode 2
Event: 5.001 Thread 0x0000024c68d2e0a0 Uncommon trap: trap_request=0xffffffde fr.pc=0x0000024c541cde2c relative=0x00000000000001ac
Event: 5.001 Thread 0x0000024c68d2e0a0 Uncommon trap: reason=class_check action=maybe_recompile pc=0x0000024c541cde2c method=java.lang.String.equals(Ljava/lang/Object;)Z @ 8 c2
Event: 5.001 Thread 0x0000024c68d2e0a0 DEOPT PACKING pc=0x0000024c541cde2c sp=0x00000064cecfdbb0
Event: 5.001 Thread 0x0000024c68d2e0a0 DEOPT UNPACKING pc=0x0000024c4c735c23 sp=0x00000064cecfdb48 mode 2
Event: 5.001 Thread 0x0000024c68d2e0a0 Uncommon trap: trap_request=0xffffffde fr.pc=0x0000024c541cde2c relative=0x00000000000001ac
Event: 5.001 Thread 0x0000024c68d2e0a0 Uncommon trap: reason=class_check action=maybe_recompile pc=0x0000024c541cde2c method=java.lang.String.equals(Ljava/lang/Object;)Z @ 8 c2
Event: 5.001 Thread 0x0000024c68d2e0a0 DEOPT PACKING pc=0x0000024c541cde2c sp=0x00000064cecfdbb0
Event: 5.001 Thread 0x0000024c68d2e0a0 DEOPT UNPACKING pc=0x0000024c4c735c23 sp=0x00000064cecfdb48 mode 2
Event: 5.063 Thread 0x0000024c68d2ea40 Uncommon trap: trap_request=0xffffff45 fr.pc=0x0000024c542516ec relative=0x00000000000000cc
Event: 5.063 Thread 0x0000024c68d2ea40 Uncommon trap: reason=unstable_if action=reinterpret pc=0x0000024c542516ec method=java.util.concurrent.locks.AbstractQueuedSynchronizer.signalNext(Ljava/util/concurrent/locks/AbstractQueuedSynchronizer$Node;)V @ 17 c2
Event: 5.063 Thread 0x0000024c68d2ea40 DEOPT PACKING pc=0x0000024c542516ec sp=0x00000064cdafdf70
Event: 5.063 Thread 0x0000024c68d2ea40 DEOPT UNPACKING pc=0x0000024c4c735c23 sp=0x00000064cdafdf00 mode 2

Classes unloaded (0 events):
No events

Classes redefined (0 events):
No events

Internal exceptions (15 events):
Event: 0.195 Thread 0x0000024c44c0e140 Exception <a 'java/lang/ClassNotFoundException'{0x000000071181d008}: sun/awt/resources/spi/awtProvider> (0x000000071181d008) 
thrown [e:\jenkins\tmp\workspace\build\src\src\hotspot\share\classfile\systemDictionary.cpp, line 256]
Event: 0.222 Thread 0x0000024c44c0e140 Exception <a 'java/io/FileNotFoundException'{0x0000000711875c60}> (0x0000000711875c60) 
thrown [e:\jenkins\tmp\workspace\build\src\src\hotspot\share\prims\jni.cpp, line 516]
Event: 0.231 Thread 0x0000024c44c0e140 Exception <a 'java/io/FileNotFoundException'{0x00000007118a2bd8}> (0x00000007118a2bd8) 
thrown [e:\jenkins\tmp\workspace\build\src\src\hotspot\share\prims\jni.cpp, line 516]
Event: 0.264 Thread 0x0000024c44c0e140 Exception <a 'java/lang/NoSuchMethodError'{0x00000007118e2ce8}: 'java.lang.Object java.lang.invoke.DirectMethodHandle$Holder.invokeStaticInit(java.lang.Object)'> (0x00000007118e2ce8) 
thrown [e:\jenkins\tmp\workspace\build\src\src\hotspot\share\interpreter\linkResolver.cpp, line 766]
Event: 0.354 Thread 0x0000024c44c0e140 Exception <a 'java/lang/NoSuchMethodError'{0x000000071192daf0}: 'void java.lang.invoke.DirectMethodHandle$Holder.invokeSpecial(java.lang.Object, java.lang.Object, java.lang.Object)'> (0x000000071192daf0) 
thrown [e:\jenkins\tmp\workspace\build\src\src\hotspot\share\interpreter\linkResolver.cpp, line 766]
Event: 0.362 Thread 0x0000024c44c0e140 Exception <a 'java/lang/NoSuchMethodError'{0x00000007119c87d8}: 'java.lang.Object java.lang.invoke.DirectMethodHandle$Holder.newInvokeSpecial(java.lang.Object, java.lang.Object, java.lang.Object, java.lang.Object, java.lang.Object)'> (0x00000007119c87d8) 
thrown [e:\jenkins\tmp\workspace\build\src\src\hotspot\share\interpreter\linkResolver.cpp, line 766]
Event: 0.362 Thread 0x0000024c44c0e140 Exception <a 'java/lang/NoSuchMethodError'{0x00000007119d41a0}: 'java.lang.Object java.lang.invoke.DirectMethodHandle$Holder.invokeStatic(java.lang.Object, int, java.lang.Object, java.lang.Object, java.lang.Object, java.lang.Object)'> (0x00000007119d41a0) 
thrown [e:\jenkins\tmp\workspace\build\src\src\hotspot\share\interpreter\linkResolver.cpp, line 766]
Event: 0.365 Thread 0x0000024c44c0e140 Exception <a 'java/lang/NoSuchMethodError'{0x00000007119f9960}: 'java.lang.Object java.lang.invoke.DirectMethodHandle$Holder.invokeStatic(java.lang.Object, int, java.lang.Object)'> (0x00000007119f9960) 
thrown [e:\jenkins\tmp\workspace\build\src\src\hotspot\share\interpreter\linkResolver.cpp, line 766]
Event: 0.382 Thread 0x0000024c44c0e140 Exception <a 'java/lang/ClassNotFoundException'{0x00000007116b1970}: com/sun/swing/internal/plaf/metal/resources/spi/metalProvider> (0x00000007116b1970) 
thrown [e:\jenkins\tmp\workspace\build\src\src\hotspot\share\classfile\systemDictionary.cpp, line 256]
Event: 0.382 Thread 0x0000024c44c0e140 Exception <a 'java/lang/ClassNotFoundException'{0x00000007116b5570}: com/sun/swing/internal/plaf/basic/resources/spi/basicProvider> (0x00000007116b5570) 
thrown [e:\jenkins\tmp\workspace\build\src\src\hotspot\share\classfile\systemDictionary.cpp, line 256]
Event: 0.669 Thread 0x0000024c68d2e0a0 Exception <a 'java/lang/NoSuchMethodError'{0x0000000711396f40}: 'void java.lang.invoke.DirectMethodHandle$Holder.invokeStatic(java.lang.Object, java.lang.Object, java.lang.Object)'> (0x0000000711396f40) 
thrown [e:\jenkins\tmp\workspace\build\src\src\hotspot\share\interpreter\linkResolver.cpp, line 766]
Event: 0.669 Thread 0x0000024c68d2e0a0 Exception <a 'java/lang/NoSuchMethodError'{0x000000071139d5a8}: 'void java.lang.invoke.DirectMethodHandle$Holder.invokeStatic(java.lang.Object, java.lang.Object)'> (0x000000071139d5a8) 
thrown [e:\jenkins\tmp\workspace\build\src\src\hotspot\share\interpreter\linkResolver.cpp, line 766]
Event: 0.973 Thread 0x0000024c68d2e0a0 Exception <a 'java/io/FileNotFoundException'{0x000000070d9ef5f0}> (0x000000070d9ef5f0) 
thrown [e:\jenkins\tmp\workspace\build\src\src\hotspot\share\prims\jni.cpp, line 516]
Event: 1.008 Thread 0x0000024c68d2e0a0 Exception <a 'java/lang/NoSuchMethodError'{0x000000070d717760}: 'void java.lang.invoke.DirectMethodHandle$Holder.invokeStaticInit(java.lang.Object)'> (0x000000070d717760) 
thrown [e:\jenkins\tmp\workspace\build\src\src\hotspot\share\interpreter\linkResolver.cpp, line 766]
Event: 1.051 Thread 0x0000024c68d2ea40 Exception <a 'java/lang/NoSuchMethodError'{0x000000070d608650}: 'void java.lang.invoke.DirectMethodHandle$Holder.invokeVirtual(java.lang.Object, java.lang.Object)'> (0x000000070d608650) 
thrown [e:\jenkins\tmp\workspace\build\src\src\hotspot\share\interpreter\linkResolver.cpp, line 766]

VM Operations (20 events):
Event: 0.877 Executing VM operation: HandshakeAllThreads done
Event: 0.980 Executing VM operation: HandshakeAllThreads
Event: 0.981 Executing VM operation: HandshakeAllThreads done
Event: 1.019 Executing VM operation: HandshakeAllThreads
Event: 1.019 Executing VM operation: HandshakeAllThreads done
Event: 1.133 Executing VM operation: HandshakeAllThreads
Event: 1.134 Executing VM operation: HandshakeAllThreads done
Event: 2.140 Executing VM operation: Cleanup
Event: 2.140 Executing VM operation: Cleanup done
Event: 4.147 Executing VM operation: Cleanup
Event: 4.147 Executing VM operation: Cleanup done
Event: 5.004 Executing VM operation: HandshakeAllThreads
Event: 5.004 Executing VM operation: HandshakeAllThreads done
Event: 5.004 Executing VM operation: HandshakeAllThreads
Event: 5.004 Executing VM operation: HandshakeAllThreads done
Event: 6.009 Executing VM operation: Cleanup
Event: 6.009 Executing VM operation: Cleanup done
Event: 7.012 Executing VM operation: Cleanup
Event: 7.012 Executing VM operation: Cleanup done
Event: 29.811 Executing VM operation: ChangeBreakpoints

Events (20 events):
Event: 5.004 loading class javax/swing/JApplet
Event: 5.004 loading class javax/swing/JApplet done
Event: 5.009 loading class sun/awt/UngrabEvent
Event: 5.009 loading class sun/awt/UngrabEvent done
Event: 5.064 loading class javax/swing/event/MenuDragMouseEvent
Event: 5.064 loading class javax/swing/event/MenuDragMouseEvent done
Event: 5.202 loading class javax/swing/TimerQueue$DelayedTimer
Event: 5.202 loading class java/util/concurrent/Delayed
Event: 5.202 loading class java/util/concurrent/Delayed done
Event: 5.202 loading class javax/swing/TimerQueue$DelayedTimer done
Event: 5.202 loading class java/util/concurrent/TimeUnit$1
Event: 5.202 loading class java/util/concurrent/TimeUnit$1 done
Event: 6.418 loading class javax/swing/plaf/basic/BasicMenuItemUI$Actions
Event: 6.418 loading class javax/swing/plaf/basic/BasicMenuItemUI$Actions done
Event: 6.418 loading class javax/swing/JCheckBoxMenuItem
Event: 6.418 loading class javax/swing/JCheckBoxMenuItem done
Event: 6.418 loading class javax/swing/JRadioButtonMenuItem
Event: 6.418 loading class javax/swing/JRadioButtonMenuItem done
Event: 6.419 loading class javax/swing/plaf/basic/BasicPopupMenuUI$MouseGrabber$2
Event: 6.419 loading class javax/swing/plaf/basic/BasicPopupMenuUI$MouseGrabber$2 done


Dynamic libraries:
0x00007ff696d40000 - 0x00007ff696d4e000 	C:\Program Files\Eclipse Adoptium\jdk-17.0.2.8-hotspot\bin\java.exe
0x00007ffe04690000 - 0x00007ffe04885000 	C:\Windows\SYSTEM32\ntdll.dll
0x00007ffe026e0000 - 0x00007ffe0279d000 	C:\Windows\System32\KERNEL32.DLL
0x00007ffe01fe0000 - 0x00007ffe022ad000 	C:\Windows\System32\KERNELBASE.dll
0x00007ffe02360000 - 0x00007ffe02460000 	C:\Windows\System32\ucrtbase.dll
0x00007ffdfcbf0000 - 0x00007ffdfcc08000 	C:\Program Files\Eclipse Adoptium\jdk-17.0.2.8-hotspot\bin\jli.dll
0x00007ffdfafc0000 - 0x00007ffdfafd9000 	C:\Program Files\Eclipse Adoptium\jdk-17.0.2.8-hotspot\bin\VCRUNTIME140.dll
0x00007ffe03500000 - 0x00007ffe036a0000 	C:\Windows\System32\USER32.dll
0x00007ffe026b0000 - 0x00007ffe026d2000 	C:\Windows\System32\win32u.dll
0x00007ffdf6e40000 - 0x00007ffdf70da000 	C:\Windows\WinSxS\amd64_microsoft.windows.common-controls_6595b64144ccf1df_6.0.19041.1110_none_60b5254171f9507e\COMCTL32.dll
0x00007ffe03080000 - 0x00007ffe030aa000 	C:\Windows\System32\GDI32.dll
0x00007ffe027a0000 - 0x00007ffe0283e000 	C:\Windows\System32\msvcrt.dll
0x00007ffe01e30000 - 0x00007ffe01f3b000 	C:\Windows\System32\gdi32full.dll
0x00007ffe01f40000 - 0x00007ffe01fdd000 	C:\Windows\System32\msvcp_win.dll
0x00007ffe02bb0000 - 0x00007ffe02be0000 	C:\Windows\System32\IMM32.DLL
0x00007ffdfd060000 - 0x00007ffdfd06c000 	C:\Program Files\Eclipse Adoptium\jdk-17.0.2.8-hotspot\bin\vcruntime140_1.dll
0x00007ffde7b10000 - 0x00007ffde7ba1000 	C:\Program Files\Eclipse Adoptium\jdk-17.0.2.8-hotspot\bin\msvcp140.dll
0x00007ffdd0440000 - 0x00007ffdd1087000 	C:\Program Files\Eclipse Adoptium\jdk-17.0.2.8-hotspot\bin\server\jvm.dll
0x00007ffe02840000 - 0x00007ffe028ee000 	C:\Windows\System32\ADVAPI32.dll
0x00007ffe032b0000 - 0x00007ffe0334c000 	C:\Windows\System32\sechost.dll
0x00007ffe02be0000 - 0x00007ffe02d05000 	C:\Windows\System32\RPCRT4.dll
0x00007ffe03f40000 - 0x00007ffe03f48000 	C:\Windows\System32\PSAPI.DLL
0x00007ffdf3540000 - 0x00007ffdf3549000 	C:\Windows\SYSTEM32\WSOCK32.dll
0x00007ffdf90f0000 - 0x00007ffdf90fa000 	C:\Windows\SYSTEM32\VERSION.dll
0x00007ffdf53b0000 - 0x00007ffdf53d7000 	C:\Windows\SYSTEM32\WINMM.dll
0x00007ffe03180000 - 0x00007ffe031eb000 	C:\Windows\System32\WS2_32.dll
0x00007ffe00680000 - 0x00007ffe00692000 	C:\Windows\SYSTEM32\kernel.appcore.dll
0x00007ffdfafb0000 - 0x00007ffdfafba000 	C:\Program Files\Eclipse Adoptium\jdk-17.0.2.8-hotspot\bin\jimage.dll
0x00007ffe002c0000 - 0x00007ffe004a4000 	C:\Windows\SYSTEM32\DBGHELP.DLL
0x00007ffdfb5c0000 - 0x00007ffdfb5ec000 	C:\Windows\SYSTEM32\dbgcore.DLL
0x00007ffe01da0000 - 0x00007ffe01e22000 	C:\Windows\System32\bcryptPrimitives.dll
0x00007ffdfa900000 - 0x00007ffdfa93b000 	C:\Program Files\Eclipse Adoptium\jdk-17.0.2.8-hotspot\bin\jdwp.dll
0x00007ffdfaf80000 - 0x00007ffdfafa5000 	C:\Program Files\Eclipse Adoptium\jdk-17.0.2.8-hotspot\bin\java.dll
0x00007ffdd7b70000 - 0x00007ffdd7c46000 	C:\Program Files\Eclipse Adoptium\jdk-17.0.2.8-hotspot\bin\jsvml.dll
0x00007ffe036b0000 - 0x00007ffe03df4000 	C:\Windows\System32\SHELL32.dll
0x00007ffdffb20000 - 0x00007ffe002b4000 	C:\Windows\SYSTEM32\windows.storage.dll
0x00007ffe02d20000 - 0x00007ffe03074000 	C:\Windows\System32\combase.dll
0x00007ffe01800000 - 0x00007ffe0182c000 	C:\Windows\SYSTEM32\Wldp.dll
0x00007ffe045a0000 - 0x00007ffe0464d000 	C:\Windows\System32\SHCORE.dll
0x00007ffe02950000 - 0x00007ffe029a5000 	C:\Windows\System32\shlwapi.dll
0x00007ffe01ce0000 - 0x00007ffe01cff000 	C:\Windows\SYSTEM32\profapi.dll
0x00007ffdf54a0000 - 0x00007ffdf54ac000 	C:\Program Files\Eclipse Adoptium\jdk-17.0.2.8-hotspot\bin\dt_socket.dll
0x00007ffe01200000 - 0x00007ffe0123b000 	C:\Windows\SYSTEM32\IPHLPAPI.DLL
0x00007ffe01560000 - 0x00007ffe015ca000 	C:\Windows\system32\mswsock.dll
0x00007ffe01250000 - 0x00007ffe0131b000 	C:\Windows\SYSTEM32\DNSAPI.dll
0x00007ffe036a0000 - 0x00007ffe036a8000 	C:\Windows\System32\NSI.dll
0x00007ffdf96c0000 - 0x00007ffdf96ca000 	C:\Windows\System32\rasadhlp.dll
0x00007ffdf9820000 - 0x00007ffdf98a0000 	C:\Windows\System32\fwpuclnt.dll
0x00007ffe02680000 - 0x00007ffe026a7000 	C:\Windows\System32\bcrypt.dll
0x00007ffdf4fc0000 - 0x00007ffdf4fd9000 	C:\Program Files\Eclipse Adoptium\jdk-17.0.2.8-hotspot\bin\net.dll
0x00007ffdf98a0000 - 0x00007ffdf99aa000 	C:\Windows\SYSTEM32\WINHTTP.dll
0x00007ffdf4fa0000 - 0x00007ffdf4fb5000 	C:\Program Files\Eclipse Adoptium\jdk-17.0.2.8-hotspot\bin\nio.dll
0x00007ffdf3270000 - 0x00007ffdf3288000 	C:\Program Files\Eclipse Adoptium\jdk-17.0.2.8-hotspot\bin\zip.dll
0x00007ffdd78f0000 - 0x00007ffdd7a7e000 	C:\Program Files\Eclipse Adoptium\jdk-17.0.2.8-hotspot\bin\awt.dll
0x00007ffe030b0000 - 0x00007ffe0317d000 	C:\Windows\System32\OLEAUT32.dll
0x00007ffdff1c0000 - 0x00007ffdff250000 	C:\Windows\SYSTEM32\apphelp.dll
0x00007ffdff6a0000 - 0x00007ffdff6cf000 	C:\Windows\system32\DWMAPI.DLL
0x00007ffdff300000 - 0x00007ffdff39e000 	C:\Windows\system32\uxtheme.dll
0x00007ffdc1900000 - 0x00007ffdc1a26000 	C:\Windows\system32\opengl32.dll
0x00007ffdd3970000 - 0x00007ffdd399c000 	C:\Windows\SYSTEM32\GLU32.dll
0x00007ffe02a90000 - 0x00007ffe02ba5000 	C:\Windows\System32\MSCTF.dll
0x00007ffe043f0000 - 0x00007ffe0451a000 	C:\Windows\System32\ole32.dll
0x00007ffdc8870000 - 0x00007ffdc8a3f000 	C:\Windows\system32\d3d9.dll
0x00007ffdeec00000 - 0x00007ffdeedb9000 	C:\Windows\System32\DriverStore\FileRepository\u0378260.inf_amd64_40abed5fb3813c91\B378199\aticfx64.dll
0x00007ffdd9500000 - 0x00007ffdd9534000 	C:\Windows\System32\DriverStore\FileRepository\u0378260.inf_amd64_40abed5fb3813c91\B378199\atiu9p64.dll
0x00007ffdc7b10000 - 0x00007ffdc8866000 	C:\Windows\System32\DriverStore\FileRepository\u0378260.inf_amd64_40abed5fb3813c91\B378199\atiumd64.dll
0x00000000617e0000 - 0x00000000626ab000 	C:\Windows\System32\DriverStore\FileRepository\u0378260.inf_amd64_40abed5fb3813c91\B378199\atiumd6a.dll
0x00007ffe03f50000 - 0x00007ffe043c1000 	C:\Windows\System32\SETUPAPI.dll
0x00007ffe02460000 - 0x00007ffe024ae000 	C:\Windows\System32\cfgmgr32.dll
0x00007ffe01320000 - 0x00007ffe0136b000 	C:\Windows\SYSTEM32\POWRPROF.dll
0x00007ffe011e0000 - 0x00007ffe011f2000 	C:\Windows\SYSTEM32\UMPDC.dll
0x00007ffdebf80000 - 0x00007ffdebfb0000 	C:\Windows\SYSTEM32\amdihk64.dll
0x00007ffdec0c0000 - 0x00007ffdec0fb000 	C:\Windows\SYSTEM32\dxcore.dll
0x00007ffde7980000 - 0x00007ffde7a09000 	C:\Program Files\Eclipse Adoptium\jdk-17.0.2.8-hotspot\bin\freetype.dll
0x00007ffde6dd0000 - 0x00007ffde6e78000 	C:\Program Files\Eclipse Adoptium\jdk-17.0.2.8-hotspot\bin\fontmanager.dll
0x00007ffdf2c70000 - 0x00007ffdf2c9d000 	C:\Program Files\Eclipse Adoptium\jdk-17.0.2.8-hotspot\bin\javajpeg.dll
0x00007ffdf10c0000 - 0x00007ffdf1101000 	C:\Program Files\Eclipse Adoptium\jdk-17.0.2.8-hotspot\bin\lcms.dll
0x00007ffdf0310000 - 0x00007ffdf0409000 	C:\Windows\SYSTEM32\textinputframework.dll
0x00007ffdfec30000 - 0x00007ffdfef8e000 	C:\Windows\System32\CoreUIComponents.dll
0x00007ffdfef90000 - 0x00007ffdff082000 	C:\Windows\System32\CoreMessaging.dll
0x00007ffe00aa0000 - 0x00007ffe00ad3000 	C:\Windows\SYSTEM32\ntmarta.dll
0x00007ffdfe3c0000 - 0x00007ffdfe514000 	C:\Windows\SYSTEM32\wintypes.dll

dbghelp: loaded successfully - version: 4.0.5 - missing functions: none
symbol engine: initialized successfully - sym options: 0x614 - pdb path: .;C:\Program Files\Eclipse Adoptium\jdk-17.0.2.8-hotspot\bin;C:\Windows\SYSTEM32;C:\Windows\WinSxS\amd64_microsoft.windows.common-controls_6595b64144ccf1df_6.0.19041.1110_none_60b5254171f9507e;C:\Program Files\Eclipse Adoptium\jdk-17.0.2.8-hotspot\bin\server;C:\Windows\System32\DriverStore\FileRepository\u0378260.inf_amd64_40abed5fb3813c91\B378199

VM Arguments:
jvm_args: -agentlib:jdwp=transport=dt_socket,server=n,suspend=y,address=localhost:57052 -XX:+ShowCodeDetailsInExceptionMessages 
java_command: cosc202.andie.Andie
java_class_path (initial): C:\Users\jaken\AppData\Roaming\Code\User\workspaceStorage\fd7b4f3b1905cf24158d081545087612\redhat.java\jdt_ws\andie_8021e489\bin;d:\cosc202\dev\andie\lib\junit-platform-console-standalone-1.8.2.jar
Launcher Type: SUN_STANDARD

[Global flags]
     intx CICompilerCount                          = 4                                         {product} {ergonomic}
     uint ConcGCThreads                            = 3                                         {product} {ergonomic}
     uint G1ConcRefinementThreads                  = 10                                        {product} {ergonomic}
   size_t G1HeapRegionSize                         = 2097152                                   {product} {ergonomic}
    uintx GCDrainStackTargetSize                   = 64                                        {product} {ergonomic}
   size_t InitialHeapSize                          = 268435456                                 {product} {ergonomic}
   size_t MarkStackSize                            = 4194304                                   {product} {ergonomic}
   size_t MaxHeapSize                              = 4265607168                                {product} {ergonomic}
   size_t MaxNewSize                               = 2558525440                                {product} {ergonomic}
   size_t MinHeapDeltaBytes                        = 2097152                                   {product} {ergonomic}
   size_t MinHeapSize                              = 8388608                                   {product} {ergonomic}
    uintx NonNMethodCodeHeapSize                   = 5839372                                {pd product} {ergonomic}
    uintx NonProfiledCodeHeapSize                  = 122909434                              {pd product} {ergonomic}
    uintx ProfiledCodeHeapSize                     = 122909434                              {pd product} {ergonomic}
    uintx ReservedCodeCacheSize                    = 251658240                              {pd product} {ergonomic}
     bool SegmentedCodeCache                       = true                                      {product} {ergonomic}
     bool ShowCodeDetailsInExceptionMessages       = true                                   {manageable} {command line}
   size_t SoftMaxHeapSize                          = 4265607168                             {manageable} {ergonomic}
     bool UseCompressedClassPointers               = true                           {product lp64_product} {ergonomic}
     bool UseCompressedOops                        = true                           {product lp64_product} {ergonomic}
     bool UseG1GC                                  = true                                      {product} {ergonomic}
     bool UseLargePagesIndividualAllocation        = false                                  {pd product} {ergonomic}

Logging:
Log output configuration:
 #0: stdout all=warning uptime,level,tags
 #1: stderr all=off uptime,level,tags

Environment Variables:
PATH=C:\Program Files\Eclipse Adoptium\jdk-17.0.2.8-hotspot\bin;C:\Program Files (x86)\NVIDIA Corporation\PhysX\Common;C:\Windows\system32;C:\Windows;C:\Windows\System32\Wbem;C:\Windows\System32\WindowsPowerShell\v1.0\;C:\Windows\System32\OpenSSH\;C:\Program Files\dotnet\;C:\Program Files\Git\cmd;C:\Program Files\Sublime Text 3\;C:\ProgramData\chocolatey\bin;C:\Program Files (x86)\dotnet\;C:\Users\jaken\AppData\Local\Programs\Python\Python37-32\Scripts\;C:\Users\jaken\AppData\Local\Programs\Python\Python37-32\;C:\Users\jaken\AppData\Local\Microsoft\WindowsApps;C:\Users\jaken\AppData\Local\Programs\Microsoft VS Code\bin;C:\Program Files\Sublime Text 3\sublime_text.exe;
USERNAME=jaken
LANG=en_GB.UTF-8
OS=Windows_NT
PROCESSOR_IDENTIFIER=Intel64 Family 6 Model 167 Stepping 1, GenuineIntel



---------------  S Y S T E M  ---------------

OS:
 Windows 10 , 64 bit Build 19041 (10.0.19041.1706)
OS uptime: 2 days 9:35 hours

CPU: total 12 (initial active 12) (6 cores per cpu, 2 threads per core) family 6 model 167 stepping 1 microcode 0x24, cx8, cmov, fxsr, ht, mmx, 3dnowpref, sse, sse2, sse3, ssse3, sse4.1, sse4.2, popcnt, lzcnt, tsc, tscinvbit, avx, avx2, aes, erms, clmul, bmi1, bmi2, adx, avx512f, avx512dq, avx512cd, avx512bw, avx512vl, sha, fma, vzeroupper, avx512_vpopcntdq, avx512_vpclmulqdq, avx512_vaes, avx512_vnni, clflush, clflushopt, avx512_vbmi2, avx512_vbmi

Memory: 4k page, system-wide physical 16271M (9306M free)
TotalPageFile size 22078M (AvailPageFile size 6452M)
current process WorkingSet (physical memory assigned to process): 193M, peak: 194M
current process commit charge ("private bytes"): 420M, peak: 423M

vm_info: OpenJDK 64-Bit Server VM (17.0.2+8) for windows-amd64 JRE (17.0.2+8), built on Jan 20 2022 04:52:34 by "" with MS VC++ 16.7 (VS2019)

END.
